<?xml version="1.0" encoding="UTF-8"?>
<testsuite xmlns:xsi="http://www.w3.org/2001/XMLSchema-instance" xsi:noNamespaceSchemaLocation="https://maven.apache.org/surefire/maven-surefire-plugin/xsd/surefire-test-report.xsd" name="org.apache.hc.client5.http.impl.cache.TestResponseCachingPolicy" time="0.006" tests="96" errors="0" skipped="0" failures="0">
  <properties>
    <property name="java.specification.version" value="14"/>
    <property name="sun.cpu.isalist" value="amd64"/>
    <property name="sun.jnu.encoding" value="Cp1252"/>
    <property name="java.class.path" value="C:\Users\Unwan\IdeaProjects\TestingForInternshipProject\httpclient5-cache\target\test-classes;C:\Users\Unwan\IdeaProjects\TestingForInternshipProject\httpclient5-cache\target\classes;C:\Users\Unwan\IdeaProjects\TestingForInternshipProject\httpclient5\target\httpclient5-5.0.1.jar;C:\Users\Unwan\.m2\repository\org\apache\httpcomponents\core5\httpcore5\5.0.1\httpcore5-5.0.1.jar;C:\Users\Unwan\.m2\repository\org\apache\httpcomponents\core5\httpcore5-h2\5.0.1\httpcore5-h2-5.0.1.jar;C:\Users\Unwan\.m2\repository\commons-codec\commons-codec\1.13\commons-codec-1.13.jar;C:\Users\Unwan\.m2\repository\org\slf4j\slf4j-api\1.7.25\slf4j-api-1.7.25.jar;C:\Users\Unwan\.m2\repository\org\ehcache\modules\ehcache-api\3.4.0\ehcache-api-3.4.0.jar;C:\Users\Unwan\.m2\repository\org\apache\logging\log4j\log4j-slf4j-impl\2.9.1\log4j-slf4j-impl-2.9.1.jar;C:\Users\Unwan\.m2\repository\org\apache\logging\log4j\log4j-api\2.9.1\log4j-api-2.9.1.jar;C:\Users\Unwan\.m2\repository\org\apache\logging\log4j\log4j-core\2.9.1\log4j-core-2.9.1.jar;C:\Users\Unwan\.m2\repository\net\spy\spymemcached\2.12.3\spymemcached-2.12.3.jar;C:\Users\Unwan\.m2\repository\junit\junit\4.12\junit-4.12.jar;C:\Users\Unwan\.m2\repository\org\hamcrest\hamcrest-core\1.3\hamcrest-core-1.3.jar;C:\Users\Unwan\.m2\repository\org\mockito\mockito-core\2.23.0\mockito-core-2.23.0.jar;C:\Users\Unwan\.m2\repository\net\bytebuddy\byte-buddy\1.9.0\byte-buddy-1.9.0.jar;C:\Users\Unwan\.m2\repository\net\bytebuddy\byte-buddy-agent\1.9.0\byte-buddy-agent-1.9.0.jar;C:\Users\Unwan\.m2\repository\org\objenesis\objenesis\2.6\objenesis-2.6.jar;C:\Users\Unwan\.m2\repository\org\easymock\easymock\3.6\easymock-3.6.jar;C:\Users\Unwan\IdeaProjects\TestingForInternshipProject\httpclient5\target\httpclient5-5.0.1-tests.jar;"/>
    <property name="java.vm.vendor" value="Oracle Corporation"/>
    <property name="sun.arch.data.model" value="64"/>
    <property name="user.variant" value=""/>
    <property name="java.vendor.url" value="https://java.oracle.com/"/>
    <property name="user.timezone" value="America/Denver"/>
    <property name="os.name" value="Windows 10"/>
    <property name="java.vm.specification.version" value="14"/>
    <property name="rat.skip" value="true"/>
    <property name="sun.java.launcher" value="SUN_STANDARD"/>
    <property name="user.country" value="US"/>
    <property name="sun.boot.library.path" value="C:\Program Files\Java\jdk-14.0.2\bin"/>
    <property name="sun.java.command" value="C:\Users\Unwan\AppData\Local\Temp\surefire15049845595664967844\surefirebooter5460738872741163866.jar C:\Users\Unwan\AppData\Local\Temp\surefire15049845595664967844 2020-07-31T10-54-12_287-jvmRun1 surefire5307471115944421105tmp surefire_216582760680267918559tmp"/>
    <property name="jdk.debug" value="release"/>
    <property name="surefire.test.class.path" value="C:\Users\Unwan\IdeaProjects\TestingForInternshipProject\httpclient5-cache\target\test-classes;C:\Users\Unwan\IdeaProjects\TestingForInternshipProject\httpclient5-cache\target\classes;C:\Users\Unwan\IdeaProjects\TestingForInternshipProject\httpclient5\target\httpclient5-5.0.1.jar;C:\Users\Unwan\.m2\repository\org\apache\httpcomponents\core5\httpcore5\5.0.1\httpcore5-5.0.1.jar;C:\Users\Unwan\.m2\repository\org\apache\httpcomponents\core5\httpcore5-h2\5.0.1\httpcore5-h2-5.0.1.jar;C:\Users\Unwan\.m2\repository\commons-codec\commons-codec\1.13\commons-codec-1.13.jar;C:\Users\Unwan\.m2\repository\org\slf4j\slf4j-api\1.7.25\slf4j-api-1.7.25.jar;C:\Users\Unwan\.m2\repository\org\ehcache\modules\ehcache-api\3.4.0\ehcache-api-3.4.0.jar;C:\Users\Unwan\.m2\repository\org\apache\logging\log4j\log4j-slf4j-impl\2.9.1\log4j-slf4j-impl-2.9.1.jar;C:\Users\Unwan\.m2\repository\org\apache\logging\log4j\log4j-api\2.9.1\log4j-api-2.9.1.jar;C:\Users\Unwan\.m2\repository\org\apache\logging\log4j\log4j-core\2.9.1\log4j-core-2.9.1.jar;C:\Users\Unwan\.m2\repository\net\spy\spymemcached\2.12.3\spymemcached-2.12.3.jar;C:\Users\Unwan\.m2\repository\junit\junit\4.12\junit-4.12.jar;C:\Users\Unwan\.m2\repository\org\hamcrest\hamcrest-core\1.3\hamcrest-core-1.3.jar;C:\Users\Unwan\.m2\repository\org\mockito\mockito-core\2.23.0\mockito-core-2.23.0.jar;C:\Users\Unwan\.m2\repository\net\bytebuddy\byte-buddy\1.9.0\byte-buddy-1.9.0.jar;C:\Users\Unwan\.m2\repository\net\bytebuddy\byte-buddy-agent\1.9.0\byte-buddy-agent-1.9.0.jar;C:\Users\Unwan\.m2\repository\org\objenesis\objenesis\2.6\objenesis-2.6.jar;C:\Users\Unwan\.m2\repository\org\easymock\easymock\3.6\easymock-3.6.jar;C:\Users\Unwan\IdeaProjects\TestingForInternshipProject\httpclient5\target\httpclient5-5.0.1-tests.jar;"/>
    <property name="sun.cpu.endian" value="little"/>
    <property name="user.home" value="C:\Users\Unwan"/>
    <property name="user.language" value="en"/>
    <property name="java.specification.vendor" value="Oracle Corporation"/>
    <property name="java.version.date" value="2020-07-14"/>
    <property name="java.home" value="C:\Program Files\Java\jdk-14.0.2"/>
    <property name="file.separator" value="\"/>
    <property name="basedir" value="C:\Users\Unwan\IdeaProjects\TestingForInternshipProject\httpclient5-cache"/>
    <property name="java.vm.compressedOopsMode" value="Zero based"/>
    <property name="line.separator" value="&#10;"/>
    <property name="java.vm.specification.vendor" value="Oracle Corporation"/>
    <property name="java.specification.name" value="Java Platform API Specification"/>
    <property name="surefire.real.class.path" value="C:\Users\Unwan\AppData\Local\Temp\surefire15049845595664967844\surefirebooter5460738872741163866.jar"/>
    <property name="user.script" value=""/>
    <property name="sun.management.compiler" value="HotSpot 64-Bit Tiered Compilers"/>
    <property name="java.runtime.version" value="14.0.2+12-46"/>
    <property name="user.name" value="Unwan"/>
    <property name="path.separator" value=";"/>
    <property name="os.version" value="10.0"/>
    <property name="java.runtime.name" value="Java(TM) SE Runtime Environment"/>
    <property name="file.encoding" value="Cp1252"/>
    <property name="java.vm.name" value="Java HotSpot(TM) 64-Bit Server VM"/>
    <property name="localRepository" value="C:\Users\Unwan\.m2\repository"/>
    <property name="java.vendor.url.bug" value="https://bugreport.java.com/bugreport/"/>
    <property name="java.io.tmpdir" value="C:\Users\Unwan\AppData\Local\Temp\"/>
    <property name="idea.version" value="2020.2"/>
    <property name="java.version" value="14.0.2"/>
    <property name="user.dir" value="C:\Users\Unwan\IdeaProjects\TestingForInternshipProject\httpclient5-cache"/>
    <property name="os.arch" value="amd64"/>
    <property name="java.vm.specification.name" value="Java Virtual Machine Specification"/>
    <property name="sun.os.patch.level" value=""/>
    <property name="java.library.path" value="C:\Program Files\Java\jdk-14.0.2\bin;C:\WINDOWS\Sun\Java\bin;C:\WINDOWS\system32;C:\WINDOWS;C:\Program Files\Oculus\Support\oculus-runtime;C:\Program Files\Java\jdk-14.0.2\bin;C:\Program Files\Java\jdk-14.0.2\bin;C:\Program Files (x86)\Common Files\Oracle\Java\javapath;C:\Windows\system32;C:\Windows;C:\Windows\System32\Wbem;C:\Windows\System32\WindowsPowerShell\v1.0\;C:\Windows\System32\OpenSSH\;C:\Program Files\NVIDIA Corporation\NVIDIA NvDLISR;C:\Program Files (x86)\NVIDIA Corporation\PhysX\Common;C:\Program Files\dotnet\;C:\Program Files\Microsoft SQL Server\130\Tools\Binn\;C:\Program Files\Microsoft SQL Server\Client SDK\ODBC\170\Tools\Binn\;C:\Program Files\nodejs\;C:\WINDOWS\system32;C:\WINDOWS;C:\WINDOWS\System32\Wbem;C:\WINDOWS\System32\WindowsPowerShell\v1.0\;C:\WINDOWS\System32\OpenSSH\;C:\Program Files\Git\cmd;C:\Users\Unwan\Documents\apache-maven-3.6.3-bin\apache-maven-3.6.3\bin;C:\Users\Unwan\AppData\Local\Microsoft\WindowsApps;C:\Users\Unwan\AppData\Roaming\npm;;C:\Users\Unwan\AppData\Local\Programs\Microsoft VS Code\bin;."/>
    <property name="java.vm.info" value="mixed mode, sharing"/>
    <property name="java.vendor" value="Oracle Corporation"/>
    <property name="java.vm.version" value="14.0.2+12-46"/>
    <property name="sun.io.unicode.encoding" value="UnicodeLittle"/>
    <property name="java.class.version" value="58.0"/>
  </properties>
  <testcase name="test303WithExplicitCachingHeadersUnderDefaultBehavior" classname="org.apache.hc.client5.http.impl.cache.TestResponseCachingPolicy" time="0"/>
  <testcase name="testPlain303ResponseCodeIsNotCacheableEvenIf303CachingEnabled" classname="org.apache.hc.client5.http.impl.cache.TestResponseCachingPolicy" time="0"/>
  <testcase name="testPlain303ResponseCodeIsNotCacheableUnderDefaultBehavior" classname="org.apache.hc.client5.http.impl.cache.TestResponseCachingPolicy" time="0"/>
  <testcase name="testIsArbitraryMethodCacheableUsingSharedPublicCache" classname="org.apache.hc.client5.http.impl.cache.TestResponseCachingPolicy" time="0"/>
  <testcase name="testIsHeadCacheable" classname="org.apache.hc.client5.http.impl.cache.TestResponseCachingPolicy" time="0"/>
  <testcase name="testResponsesToGETWithQueryParamsAndExplicitCachingAreCacheable" classname="org.apache.hc.client5.http.impl.cache.TestResponseCachingPolicy" time="0"/>
  <testcase name="testIsArbitraryMethodCacheable" classname="org.apache.hc.client5.http.impl.cache.TestResponseCachingPolicy" time="0"/>
  <testcase name="test410ResponseCodeIsCacheable" classname="org.apache.hc.client5.http.impl.cache.TestResponseCachingPolicy" time="0"/>
  <testcase name="test206ResponseCodeIsNotCacheable" classname="org.apache.hc.client5.http.impl.cache.TestResponseCachingPolicy" time="0"/>
  <testcase name="testNon206WithSMaxAgeIsCacheable" classname="org.apache.hc.client5.http.impl.cache.TestResponseCachingPolicy" time="0"/>
  <testcase name="testNon206WithPrivateCacheControlIsNotCacheableBySharedCache" classname="org.apache.hc.client5.http.impl.cache.TestResponseCachingPolicy" time="0"/>
  <testcase name="testIsGetWithAnyCacheControlCacheable" classname="org.apache.hc.client5.http.impl.cache.TestResponseCachingPolicy" time="0"/>
  <testcase name="headsWithQueryParametersFrom1_0OriginsViaExplicitProxiesCanNotBeCacheableEvenWithExpires" classname="org.apache.hc.client5.http.impl.cache.TestResponseCachingPolicy" time="0"/>
  <testcase name="getsWithQueryParametersFrom1_0OriginsViaProxiesAreCacheableWithExpires" classname="org.apache.hc.client5.http.impl.cache.TestResponseCachingPolicy" time="0"/>
  <testcase name="testResponsesWithMultipleExpiresHeadersAreNotCacheable" classname="org.apache.hc.client5.http.impl.cache.TestResponseCachingPolicy" time="0"/>
  <testcase name="testIsHeadWithNoCacheEmbeddedInListCacheable" classname="org.apache.hc.client5.http.impl.cache.TestResponseCachingPolicy" time="0"/>
  <testcase name="headsWithQueryParametersDirectlyFrom1_0OriginsAreCacheableWithExpires" classname="org.apache.hc.client5.http.impl.cache.TestResponseCachingPolicy" time="0"/>
  <testcase name="testIsHeadWithAnyCacheControlCacheable" classname="org.apache.hc.client5.http.impl.cache.TestResponseCachingPolicy" time="0"/>
  <testcase name="testVaryStarIsNotCacheableUsingSharedPublicCache" classname="org.apache.hc.client5.http.impl.cache.TestResponseCachingPolicy" time="0"/>
  <testcase name="testIsHeadWithVaryHeaderCacheable" classname="org.apache.hc.client5.http.impl.cache.TestResponseCachingPolicy" time="0"/>
  <testcase name="testAuthorizedResponsesWithCacheControlPublicAreCacheable" classname="org.apache.hc.client5.http.impl.cache.TestResponseCachingPolicy" time="0"/>
  <testcase name="testPlain302ResponseCodeIsNotCacheable" classname="org.apache.hc.client5.http.impl.cache.TestResponseCachingPolicy" time="0"/>
  <testcase name="testResponsesToHEADWithQueryParamsAndExplicitCachingAreCacheable" classname="org.apache.hc.client5.http.impl.cache.TestResponseCachingPolicy" time="0"/>
  <testcase name="notCacheableIfExpiresPrecedesDateAndNoCacheControl" classname="org.apache.hc.client5.http.impl.cache.TestResponseCachingPolicy" time="0"/>
  <testcase name="headsWithQueryParametersFrom1_0OriginsViaProxiesAreNotCacheable" classname="org.apache.hc.client5.http.impl.cache.TestResponseCachingPolicy" time="0"/>
  <testcase name="test302WithExplicitCachingHeaders" classname="org.apache.hc.client5.http.impl.cache.TestResponseCachingPolicy" time="0"/>
  <testcase name="test303WithExplicitCachingHeadersWhenPermittedByConfig" classname="org.apache.hc.client5.http.impl.cache.TestResponseCachingPolicy" time="0"/>
  <testcase name="testResponsesToHEADWithQueryParamsButNoExplicitCachingAreNotCacheableEvenWhen1_0QueryCachingDisabled" classname="org.apache.hc.client5.http.impl.cache.TestResponseCachingPolicy" time="0"/>
  <testcase name="test206ResponseCodeIsNotCacheableUsingSharedPublicCache" classname="org.apache.hc.client5.http.impl.cache.TestResponseCachingPolicy" time="0"/>
  <testcase name="headsWithQueryParametersFrom1_0OriginsViaProxiesCanNotBeCacheableEvenWithExpires" classname="org.apache.hc.client5.http.impl.cache.TestResponseCachingPolicy" time="0"/>
  <testcase name="testResponsesWithMalformedDateHeadersAreNotCacheableUsingSharedPublicCache" classname="org.apache.hc.client5.http.impl.cache.TestResponseCachingPolicy" time="0"/>
  <testcase name="testIsGetWithNoCacheEmbeddedInListCacheable" classname="org.apache.hc.client5.http.impl.cache.TestResponseCachingPolicy" time="0"/>
  <testcase name="notCacheableIfExpiresEqualsDateAndNoCacheControl" classname="org.apache.hc.client5.http.impl.cache.TestResponseCachingPolicy" time="0"/>
  <testcase name="testResponsesToRequestsWithNoStoreAreNotCacheable" classname="org.apache.hc.client5.http.impl.cache.TestResponseCachingPolicy" time="0"/>
  <testcase name="testResponsesWithoutDateHeadersAreNotCacheable" classname="org.apache.hc.client5.http.impl.cache.TestResponseCachingPolicy" time="0"/>
  <testcase name="testResponsesToHEADWithQueryParamsButNoExplicitCachingAreNotCacheable" classname="org.apache.hc.client5.http.impl.cache.TestResponseCachingPolicy" time="0"/>
  <testcase name="testIsGetWithNoStoreCacheable" classname="org.apache.hc.client5.http.impl.cache.TestResponseCachingPolicy" time="0"/>
  <testcase name="testIsGetWithNoCacheCacheable" classname="org.apache.hc.client5.http.impl.cache.TestResponseCachingPolicy" time="0"/>
  <testcase name="testPlain307ResponseCodeIsNotCacheable" classname="org.apache.hc.client5.http.impl.cache.TestResponseCachingPolicy" time="0"/>
  <testcase name="getsWithQueryParametersDirectlyFrom1_0OriginsAreNotCacheable" classname="org.apache.hc.client5.http.impl.cache.TestResponseCachingPolicy" time="0"/>
  <testcase name="test307WithExplicitCachingHeaders" classname="org.apache.hc.client5.http.impl.cache.TestResponseCachingPolicy" time="0"/>
  <testcase name="testResponsesToRequestsWithAuthorizationHeadersAreCacheableByNonSharedCache" classname="org.apache.hc.client5.http.impl.cache.TestResponseCachingPolicy" time="0"/>
  <testcase name="testNon206WithMustRevalidateIsCacheable" classname="org.apache.hc.client5.http.impl.cache.TestResponseCachingPolicy" time="0"/>
  <testcase name="getsWithQueryParametersDirectlyFrom1_0OriginsAreNotCacheableEvenWithSetting" classname="org.apache.hc.client5.http.impl.cache.TestResponseCachingPolicy" time="0"/>
  <testcase name="testResponsesWithMalformedDateHeadersAreNotCacheable" classname="org.apache.hc.client5.http.impl.cache.TestResponseCachingPolicy" time="0"/>
  <testcase name="testResponsesWithMultipleDateHeadersAreNotCacheableUsingSharedPublicCache" classname="org.apache.hc.client5.http.impl.cache.TestResponseCachingPolicy" time="0"/>
  <testcase name="testResponsesWithMultipleAgeHeadersAreNotCacheableUsingSharedPublicCache" classname="org.apache.hc.client5.http.impl.cache.TestResponseCachingPolicy" time="0"/>
  <testcase name="testResponsesWithMultipleExpiresHeadersAreNotCacheableUsingSharedPublicCache" classname="org.apache.hc.client5.http.impl.cache.TestResponseCachingPolicy" time="0"/>
  <testcase name="headsWithQueryParametersFrom1_0OriginsViaExplicitProxiesAreCacheableWithExpires" classname="org.apache.hc.client5.http.impl.cache.TestResponseCachingPolicy" time="0"/>
  <testcase name="testIsHeadWithout200Cacheable" classname="org.apache.hc.client5.http.impl.cache.TestResponseCachingPolicy" time="0"/>
  <testcase name="testResponsesToRequestsWithAuthorizationHeadersAreNotCacheableBySharedCache" classname="org.apache.hc.client5.http.impl.cache.TestResponseCachingPolicy" time="0"/>
  <testcase name="getsWithQueryParametersDirectlyFrom1_0OriginsAreCacheableWithExpires" classname="org.apache.hc.client5.http.impl.cache.TestResponseCachingPolicy" time="0"/>
  <testcase name="testIsHeadWithNoStoreCacheable" classname="org.apache.hc.client5.http.impl.cache.TestResponseCachingPolicy" time="0"/>
  <testcase name="testResponsesToHEADWithQueryParamsAndExplicitCachingAreCacheableEvenWhen1_0QueryCachingDisabled" classname="org.apache.hc.client5.http.impl.cache.TestResponseCachingPolicy" time="0"/>
  <testcase name="testIsGetWithNoCacheEmbeddedInListAfterFirstHeaderCacheable" classname="org.apache.hc.client5.http.impl.cache.TestResponseCachingPolicy" time="0"/>
  <testcase name="testIsHeadWithNoCacheCacheable" classname="org.apache.hc.client5.http.impl.cache.TestResponseCachingPolicy" time="0"/>
  <testcase name="headsWithQueryParametersFrom1_0OriginsViaProxiesAreCacheableWithExpires" classname="org.apache.hc.client5.http.impl.cache.TestResponseCachingPolicy" time="0.001"/>
  <testcase name="test203ResponseCodeIsCacheable" classname="org.apache.hc.client5.http.impl.cache.TestResponseCachingPolicy" time="0"/>
  <testcase name="testIsGetWithNoStoreEmbeddedInListAfterFirstHeaderCacheable" classname="org.apache.hc.client5.http.impl.cache.TestResponseCachingPolicy" time="0"/>
  <testcase name="test301ResponseCodeIsCacheable" classname="org.apache.hc.client5.http.impl.cache.TestResponseCachingPolicy" time="0"/>
  <testcase name="testNon206WithExplicitExpiresIsCacheable" classname="org.apache.hc.client5.http.impl.cache.TestResponseCachingPolicy" time="0"/>
  <testcase name="headsWithQueryParametersDirectlyFrom1_0OriginsCanBeNotCacheableEvenWithExpires" classname="org.apache.hc.client5.http.impl.cache.TestResponseCachingPolicy" time="0"/>
  <testcase name="testResponsesWithMultipleDateHeadersAreNotCacheable" classname="org.apache.hc.client5.http.impl.cache.TestResponseCachingPolicy" time="0"/>
  <testcase name="test300ResponseCodeIsCacheable" classname="org.apache.hc.client5.http.impl.cache.TestResponseCachingPolicy" time="0"/>
  <testcase name="testNon206WithMaxAgeIsCacheable" classname="org.apache.hc.client5.http.impl.cache.TestResponseCachingPolicy" time="0"/>
  <testcase name="testResponsesToGETWithQueryParamsAndExplicitCachingAreCacheableEvenWhen1_0QueryCachingDisabled" classname="org.apache.hc.client5.http.impl.cache.TestResponseCachingPolicy" time="0"/>
  <testcase name="getsWithQueryParametersFrom1_0OriginsViaProxiesCanNotBeCacheableEvenWithExpires" classname="org.apache.hc.client5.http.impl.cache.TestResponseCachingPolicy" time="0"/>
  <testcase name="test200ResponseWithPrivateCacheControlIsCacheableByNonSharedCache" classname="org.apache.hc.client5.http.impl.cache.TestResponseCachingPolicy" time="0"/>
  <testcase name="testAuthorizedResponsesWithCacheControlMaxAgeAreNotCacheable" classname="org.apache.hc.client5.http.impl.cache.TestResponseCachingPolicy" time="0"/>
  <testcase name="getsWithQueryParametersFrom1_0OriginsViaExplicitProxiesCanNotBeCacheableEvenWithExpires" classname="org.apache.hc.client5.http.impl.cache.TestResponseCachingPolicy" time="0"/>
  <testcase name="getsWithQueryParametersDirectlyFrom1_0OriginsCanBeNotCacheableEvenWithExpires" classname="org.apache.hc.client5.http.impl.cache.TestResponseCachingPolicy" time="0"/>
  <testcase name="testResponsesWithMultipleAgeHeadersAreNotCacheable" classname="org.apache.hc.client5.http.impl.cache.TestResponseCachingPolicy" time="0"/>
  <testcase name="headsWithQueryParametersFrom1_1OriginsVia1_0ProxiesAreCacheableWithExpires" classname="org.apache.hc.client5.http.impl.cache.TestResponseCachingPolicy" time="0"/>
  <testcase name="testIsGetWithVaryHeaderCacheable" classname="org.apache.hc.client5.http.impl.cache.TestResponseCachingPolicy" time="0"/>
  <testcase name="testResponsesToGETWithQueryParamsButNoExplicitCachingAreNotCacheableEvenWhen1_0QueryCachingDisabled" classname="org.apache.hc.client5.http.impl.cache.TestResponseCachingPolicy" time="0"/>
  <testcase name="getsWithQueryParametersFrom1_1OriginsVia1_0ProxiesAreCacheableWithExpires" classname="org.apache.hc.client5.http.impl.cache.TestResponseCachingPolicy" time="0"/>
  <testcase name="testResponseThatHasTooMuchContentIsNotCacheable" classname="org.apache.hc.client5.http.impl.cache.TestResponseCachingPolicy" time="0"/>
  <testcase name="testAuthorizedResponsesWithSMaxAgeAreCacheable" classname="org.apache.hc.client5.http.impl.cache.TestResponseCachingPolicy" time="0"/>
  <testcase name="getsWithQueryParametersFrom1_0OriginsViaProxiesAreNotCacheable" classname="org.apache.hc.client5.http.impl.cache.TestResponseCachingPolicy" time="0"/>
  <testcase name="testIsHeadWithNoStoreEmbeddedInListCacheable" classname="org.apache.hc.client5.http.impl.cache.TestResponseCachingPolicy" time="0"/>
  <testcase name="testResponsesThatAreSmallEnoughAreCacheable" classname="org.apache.hc.client5.http.impl.cache.TestResponseCachingPolicy" time="0"/>
  <testcase name="testNon206WithPublicCacheControlIsCacheable" classname="org.apache.hc.client5.http.impl.cache.TestResponseCachingPolicy" time="0.001"/>
  <testcase name="testResponseThatHasTooMuchContentIsNotCacheableUsingSharedPublicCache" classname="org.apache.hc.client5.http.impl.cache.TestResponseCachingPolicy" time="0"/>
  <testcase name="testIsGetWithNoStoreEmbeddedInListCacheable" classname="org.apache.hc.client5.http.impl.cache.TestResponseCachingPolicy" time="0"/>
  <testcase name="getsWithQueryParametersFrom1_0OriginsViaExplicitProxiesAreCacheableWithExpires" classname="org.apache.hc.client5.http.impl.cache.TestResponseCachingPolicy" time="0"/>
  <testcase name="testIsHeadWithNoCacheEmbeddedInListAfterFirstHeaderCacheable" classname="org.apache.hc.client5.http.impl.cache.TestResponseCachingPolicy" time="0"/>
  <testcase name="testVaryStarIsNotCacheable" classname="org.apache.hc.client5.http.impl.cache.TestResponseCachingPolicy" time="0"/>
  <testcase name="testIsGetCacheable" classname="org.apache.hc.client5.http.impl.cache.TestResponseCachingPolicy" time="0"/>
  <testcase name="testIsHeadWithNoStoreEmbeddedInListAfterFirstHeaderCacheable" classname="org.apache.hc.client5.http.impl.cache.TestResponseCachingPolicy" time="0"/>
  <testcase name="testAuthorizedResponsesWithMustRevalidateAreCacheable" classname="org.apache.hc.client5.http.impl.cache.TestResponseCachingPolicy" time="0"/>
  <testcase name="testIsGetWithout200Cacheable" classname="org.apache.hc.client5.http.impl.cache.TestResponseCachingPolicy" time="0"/>
  <testcase name="testNon206WithProxyRevalidateIsCacheable" classname="org.apache.hc.client5.http.impl.cache.TestResponseCachingPolicy" time="0"/>
  <testcase name="testResponsesToGETWithQueryParamsButNoExplicitCachingAreNotCacheable" classname="org.apache.hc.client5.http.impl.cache.TestResponseCachingPolicy" time="0"/>
  <testcase name="otherStatusCodesAreCacheableWithExplicitCachingHeaders" classname="org.apache.hc.client5.http.impl.cache.TestResponseCachingPolicy" time="0"/>
  <testcase name="headsWithQueryParametersDirectlyFrom1_0OriginsAreNotCacheable" classname="org.apache.hc.client5.http.impl.cache.TestResponseCachingPolicy" time="0"/>
  <testcase name="headsWithQueryParametersDirectlyFrom1_0OriginsAreNotCacheableEvenWithSetting" classname="org.apache.hc.client5.http.impl.cache.TestResponseCachingPolicy" time="0"/>
</testsuite>